app/build/outputs/logs/manifest-merger-debug-report.txt
-- Merging decision tree log ---
manifest
ADDED from src/main/AndroidManifest.xml:2:1-33:12
	package
		ADDED from src/main/AndroidManifest.xml:3:2-28
		INJECTED from src/main/AndroidManifest.xml
		INJECTED from src/main/AndroidManifest.xml
	android:versionName
		ADDED from src/main/AndroidManifest.xml:3:53-78
		INJECTED from src/main/AndroidManifest.xml
		INJECTED from src/main/AndroidManifest.xml
	android:versionCode
		ADDED from src/main/AndroidManifest.xml:3:29-52
		INJECTED from src/main/AndroidManifest.xml
		INJECTED from src/main/AndroidManifest.xml
	xmlns:android
		ADDED from src/main/AndroidManifest.xml:2:11-69
uses-sdk
ADDED from src/main/AndroidManifest.xml:4:2-41
	android:targetSdkVersion
		INJECTED from src/main/AndroidManifest.xml
		INJECTED from src/main/AndroidManifest.xml
	android:minSdkVersion
		ADDED from src/main/AndroidManifest.xml:4:12-38
		INJECTED from src/main/AndroidManifest.xml
		INJECTED from src/main/AndroidManifest.xml
application
ADDED from src/main/AndroidManifest.xml:6:2-19:16
	android:label
		ADDED from src/main/AndroidManifest.xml:6:49-81
	android:icon
		ADDED from src/main/AndroidManifest.xml:6:15-48
activity#umd.mindlab.main.LocateMeActivity
ADDED from src/main/AndroidManifest.xml:7:3-12:14
	android:label
		ADDED from src/main/AndroidManifest.xml:7:46-78
	android:name
		ADDED from src/main/AndroidManifest.xml:7:13-45
intent-filter#android.intent.action.MAIN+android.intent.category.LAUNCHER
ADDED from src/main/AndroidManifest.xml:8:4-11:20
action#android.intent.action.MAIN
ADDED from src/main/AndroidManifest.xml:9:5-57
	android:name
		ADDED from src/main/AndroidManifest.xml:9:13-54
category#android.intent.category.LAUNCHER
ADDED from src/main/AndroidManifest.xml:10:5-65
	android:name
		ADDED from src/main/AndroidManifest.xml:10:15-62
receiver#umd.mindlab.main.WifiReceiver
ADDED from src/main/AndroidManifest.xml:13:3-17:14
	android:name
		ADDED from src/main/AndroidManifest.xml:13:13-41
intent-filter#umd.mindlab.objects
ADDED from src/main/AndroidManifest.xml:14:4-16:20
action#umd.mindlab.objects
ADDED from src/main/AndroidManifest.xml:15:5-50
	android:name
		ADDED from src/main/AndroidManifest.xml:15:13-47
uses-permission#android.permission.ACCESS_WIFI_STATE
ADDED from src/main/AndroidManifest.xml:20:2-89
	android:name
		ADDED from src/main/AndroidManifest.xml:20:19-70
uses-permission#android.permission.CHANGE_WIFI_STATE
ADDED from src/main/AndroidManifest.xml:21:2-89
	android:name
		ADDED from src/main/AndroidManifest.xml:21:19-70
uses-permission#android.permission.INTERNET
ADDED from src/main/AndroidManifest.xml:22:2-64
	android:name
		ADDED from src/main/AndroidManifest.xml:22:19-61
uses-permission#android.permission.ACCESS_FINE_LOCATION
ADDED from src/main/AndroidManifest.xml:23:2-92
	android:name
		ADDED from src/main/AndroidManifest.xml:23:19-73
uses-permission#android.permission.ACCESS_NETWORK_STATE
ADDED from src/main/AndroidManifest.xml:24:2-92
	android:name
		ADDED from src/main/AndroidManifest.xml:24:19-73
uses-permission#android.permission.WRITE_EXTERNAL_STORAGE
ADDED from src/main/AndroidManifest.xml:25:2-78
	android:name
		ADDED from src/main/AndroidManifest.xml:25:19-75
uses-permission#android.permission.READ_EXTERNAL_STORAGE
ADDED from src/main/AndroidManifest.xml:26:2-77
	android:name
		ADDED from src/main/AndroidManifest.xml:26:19-74
uses-permission#android.permission.WRITE_INTERNAL_STORAGE
ADDED from src/main/AndroidManifest.xml:27:2-78
	android:name
		ADDED from src/main/AndroidManifest.xml:27:19-75